<?xml version="1.0" encoding="UTF-8"?>
<testng-results skipped="0" failed="0" ignored="0" total="1" passed="1">
  <reporter-output>
  </reporter-output>
  <suite name="Default suite" duration-ms="8364" started-at="2022-04-15T16:31:34Z" finished-at="2022-04-15T16:31:42Z">
    <groups>
    </groups>
    <test name="Default test" duration-ms="8364" started-at="2022-04-15T16:31:34Z" finished-at="2022-04-15T16:31:42Z">
      <class name="com.parallel.Test1">
        <test-method status="PASS" signature="Taskp1()[pri:0, instance:com.parallel.Test1@5ae9a829]" name="Taskp1" duration-ms="8339" started-at="2022-04-15T22:01:34Z" finished-at="2022-04-15T22:01:42Z">
          <reporter-output>
          </reporter-output>
        </test-method> <!-- Taskp1 -->
      </class> <!-- com.parallel.Test1 -->
    </test> <!-- Default test -->
  </suite> <!-- Default suite -->
</testng-results>
